<?xml version="1.0" encoding="UTF-8"?>
<!-- Generated by org.testng.reporters.JUnitReportReporter -->
<testsuite skipped="0" hostname="LAPTOP-63MS2FK4" name="loginTests.TC_02_IncorrectLogin" tests="1" failures="0" timestamp="2020-10-16T04:59:45 CDT" time="0.780" errors="0">
  <testcase name="TC_02" time="0.780" classname="loginTests.TC_02_IncorrectLogin"/>
  <system-out/>
</testsuite> <!-- loginTests.TC_02_IncorrectLogin -->
