<?xml version="1.0" encoding="UTF-8"?>
<!-- Generated by org.testng.reporters.JUnitReportReporter -->
<testsuite name="Ejercicio092620.Ejercicio092620Test" tests="1" time="9.618" ignored="0" failures="0" timestamp="26 Sep 2020 19:39:29 GMT" skipped="0" hostname="LAPTOP-63MS2FK4" errors="0">
  <testcase name="mainTest" time="9.618" classname="Ejercicio092620.Ejercicio092620Test"/>
</testsuite> <!-- Ejercicio092620.Ejercicio092620Test -->
