<?xml version="1.0" encoding="UTF-8"?>
<!-- Generated by org.testng.reporters.JUnitReportReporter -->
<testsuite name="AutomationTraining.Selenium.AppTest" tests="1" time="0.009" ignored="0" failures="0" timestamp="25 Sep 2020 04:53:02 GMT" skipped="0" hostname="LAPTOP-63MS2FK4" errors="0">
  <testcase name="shouldAnswerWithTrue" time="0.009" classname="AutomationTraining.Selenium.AppTest"/>
</testsuite> <!-- AutomationTraining.Selenium.AppTest -->
