<?xml version="1.0" encoding="UTF-8"?>
<!-- Generated by org.testng.reporters.JUnitReportReporter -->
<testsuite skipped="0" hostname="LAPTOP-63MS2FK4" name="loginTests.TC_01_CorrectLogin" tests="1" failures="0" timestamp="2020-10-16T12:58:27 CDT" time="1.281" errors="0">
  <testcase name="TC_01" time="1.281" classname="loginTests.TC_01_CorrectLogin"/>
  <system-out/>
</testsuite> <!-- loginTests.TC_01_CorrectLogin -->
