<?xml version="1.0" encoding="UTF-8"?>
<!-- Generated by org.testng.reporters.JUnitReportReporter -->
<testsuite name="AutomationTraining.Selenium.HardAssert" tests="1" time="6.255" ignored="4" failures="0" timestamp="03 Oct 2020 15:47:56 GMT" skipped="0" hostname="LAPTOP-63MS2FK4" errors="0">
  <testcase name="verficarTituloDePagina" time="6.255" classname="AutomationTraining.Selenium.HardAssert"/>
  <testcase name="assertEquals" classname="AutomationTraining.Selenium.HardAssert">
    <skipped/>
  </testcase> <!-- assertEquals -->
  <testcase name="assertfalse" classname="AutomationTraining.Selenium.HardAssert">
    <skipped/>
  </testcase> <!-- assertfalse -->
  <testcase name="assertTrue" classname="AutomationTraining.Selenium.HardAssert">
    <skipped/>
  </testcase> <!-- assertTrue -->
  <testcase name="assertNoEquals" classname="AutomationTraining.Selenium.HardAssert">
    <skipped/>
  </testcase> <!-- assertNoEquals -->
</testsuite> <!-- AutomationTraining.Selenium.HardAssert -->
